<?xml version="1.0" encoding="UTF-8"?>
<testng-results skipped="0" failed="0" total="1" passed="1">
  <reporter-output>
  </reporter-output>
  <suite name="Default suite" duration-ms="76334" started-at="2016-08-04T10:44:50Z" finished-at="2016-08-04T10:46:06Z">
    <groups>
    </groups>
    <test name="Default test" duration-ms="76334" started-at="2016-08-04T10:44:50Z" finished-at="2016-08-04T10:46:06Z">
      <class name="test.user.CreateBook">
        <test-method status="PASS" signature="setUp()[pri:0, instance:test.user.CreateBook@747edf66]" name="setUp" is-config="true" duration-ms="26756" started-at="2016-08-04T16:14:50Z" finished-at="2016-08-04T16:15:17Z">
          <reporter-output>
          </reporter-output>
        </test-method> <!-- setUp -->
        <test-method status="PASS" signature="testCreateBookPositiveScenarios()[pri:0, instance:test.user.CreateBook@747edf66]" name="testCreateBookPositiveScenarios" duration-ms="49542" started-at="2016-08-04T16:15:17Z" finished-at="2016-08-04T16:16:06Z">
          <reporter-output>
          </reporter-output>
        </test-method> <!-- testCreateBookPositiveScenarios -->
        <test-method status="PASS" signature="tearDown()[pri:0, instance:test.user.CreateBook@747edf66]" name="tearDown" is-config="true" duration-ms="0" started-at="2016-08-04T16:16:06Z" finished-at="2016-08-04T16:16:06Z">
          <reporter-output>
          </reporter-output>
        </test-method> <!-- tearDown -->
      </class> <!-- test.user.CreateBook -->
    </test> <!-- Default test -->
  </suite> <!-- Default suite -->
</testng-results>
